2024-06-08 13:29:46,211 - INFO - Warten auf Verbindungen zum Ausführen von cryptPercent/cryptoPercent.py...
2024-06-08 13:30:06,652 - INFO - Verbunden mit ('127.0.0.1', 43130)
2024-06-08 13:30:06,652 - INFO - Befehl empfangen: execute:cryptPercent/cryptoPercent.py
[H[2J[3JWechsel in das Verzeichnis 'cryptPercent'
Lade API-Schlüssel und Geheimnis aus der Datei 'api_key.json'
Initialisiere den Binance-Client
Starte Analyse für SEIUSDT von 1 day ago UTC bis None
Rufe Kerzen für SEIUSDT von 1 day ago UTC bis None ab
96 Kerzen abgerufen
Berechne Änderungen
Änderungen berechnet
Ergebnisse:
Gesamtprozentuale Veränderung: -4.29%
Prozentualer Anstieg: 13.49%
Prozentualer Rücksetzer: 7.57%
Gesamt Anstieg: 3.55%
Gesamt Rücksetzer: 11.89%
Zeitraum: von 2024-06-07 13:45:00 bis 2024-06-08 13:44:59
Analyse abgeschlossen
Traceback (most recent call last):
  File "/mnt/c/tmp/codeGenerator/cryptPercent/cryptoPercent.py", line 177, in <module>
    main(symbol, start_date)
  File "/mnt/c/tmp/codeGenerator/cryptPercent/cryptoPercent.py", line 170, in main
    plot_data(changes['df'], changes['highest_high_index'], changes['lowest_low_index'])
  File "/mnt/c/tmp/codeGenerator/cryptPercent/cryptoPercent.py", line 139, in plot_data
    mpf.plot(df, type='candle', style=s, addplot=add_plot, title='Kursverlauf mit Highest High und Lowest Low', ylabel='Kurs')
  File "/mnt/c/tmp/codeGenerator/myenv/lib/python3.11/site-packages/mplfinance/plotting.py", line 808, in plot
    ax = _addplot_columns(panid,panels,ydata,apdict,xdates,config,colcount)
         ^^^^^^^^^^^^^^^^^^^^^^^^^^^^^^^^^^^^^^^^^^^^^^^^^^^^^^^^^^^^^^^^^^
  File "/mnt/c/tmp/codeGenerator/myenv/lib/python3.11/site-packages/mplfinance/plotting.py", line 1139, in _addplot_columns
    ax.scatter(xdates, ydata, s=size, marker=mark, color=color, alpha=alpha, edgecolors=edgecolors, linewidths=linewidths,label=label) 
    ^^^^^^^^^^^^^^^^^^^^^^^^^^^^^^^^^^^^^^^^^^^^^^^^^^^^^^^^^^^^^^^^^^^^^^^^^^^^^^^^^^^^^^^^^^^^^^^^^^^^^^^^^^^^^^^^^^^^^^^^^^^^^^^^^^
  File "/mnt/c/tmp/codeGenerator/myenv/lib/python3.11/site-packages/matplotlib/__init__.py", line 1473, in inner
    return func(
           ^^^^^
  File "/mnt/c/tmp/codeGenerator/myenv/lib/python3.11/site-packages/matplotlib/axes/_axes.py", line 4787, in scatter
    raise ValueError("x and y must be the same size")
ValueError: x and y must be the same size
2024-06-08 13:41:53,876 - INFO - Verbunden mit ('127.0.0.1', 45924)
2024-06-08 13:41:53,876 - INFO - Befehl empfangen: execute:cryptPercent/cryptoPercent.py
Rufe Kerzen für SEIUSDT von 1 day ago UTC bis None ab
96 Kerzen abgerufen
2024-06-08 13:45:07,280 - INFO - Run wird durch Strg+C beendet.
2024-06-08 13:45:09,079 - INFO - Warten auf Verbindungen zum Ausführen von cryptPercent/cryptoPercent.py...
2024-06-08 13:45:51,380 - INFO - Run wird durch Strg+C beendet.
2024-06-08 13:45:56,073 - INFO - Warten auf Verbindungen zum Ausführen von cryptPercent/cryptoPercent.py...
2024-06-08 13:46:01,304 - INFO - Verbunden mit ('127.0.0.1', 46038)
2024-06-08 13:46:01,304 - INFO - Befehl empfangen: execute:cryptPercent/cryptoPercent.py
Rufe Kerzen für SEIUSDT von 1 day ago UTC bis None ab
96 Kerzen abgerufen
2024-06-08 13:49:12,659 - INFO - Verbunden mit ('127.0.0.1', 43580)
2024-06-08 13:49:12,660 - INFO - Befehl empfangen: execute:cryptPercent/cryptoPercent.py
Rufe Kerzen für SEIUSDT von 1 day ago UTC bis None ab
96 Kerzen abgerufen
Traceback (most recent call last):
  File "/mnt/c/tmp/codeGenerator/cryptPercent/cryptoPercent.py", line 106, in <module>
    main(symbol, start_date)
  File "/mnt/c/tmp/codeGenerator/cryptPercent/cryptoPercent.py", line 96, in main
    lowest_low, lowest_low_index, highest_high, highest_high_index = find_ll_hh(df)
                                                                     ^^^^^^^^^^^^^^
  File "/mnt/c/tmp/codeGenerator/cryptPercent/cryptoPercent.py", line 47, in find_ll_hh
    lowest_low_index = df.index[i:i+4][df['low'].iloc[i:i+4].idxmin()]
                       ~~~~~~~~~~~~~~~^^^^^^^^^^^^^^^^^^^^^^^^^^^^^^^^
  File "/mnt/c/tmp/codeGenerator/myenv/lib/python3.11/site-packages/pandas/core/indexes/base.py", line 5416, in __getitem__
    result = getitem(key)
             ^^^^^^^^^^^^
  File "/mnt/c/tmp/codeGenerator/myenv/lib/python3.11/site-packages/pandas/core/arrays/datetimelike.py", line 381, in __getitem__
    result = cast("Union[Self, DTScalarOrNaT]", super().__getitem__(key))
                                                ^^^^^^^^^^^^^^^^^^^^^^^^
  File "/mnt/c/tmp/codeGenerator/myenv/lib/python3.11/site-packages/pandas/core/arrays/_mixins.py", line 293, in __getitem__
    result = self._ndarray[key]
             ~~~~~~~~~~~~~^^^^^
IndexError: only integers, slices (`:`), ellipsis (`...`), numpy.newaxis (`None`) and integer or boolean arrays are valid indices
2024-06-08 13:50:05,006 - INFO - Verbunden mit ('127.0.0.1', 42048)
2024-06-08 13:50:05,006 - INFO - Befehl empfangen: execute:cryptPercent/cryptoPercent.py
Rufe Kerzen für SEIUSDT von 1 day ago UTC bis None ab
96 Kerzen abgerufen
Traceback (most recent call last):
  File "/mnt/c/tmp/codeGenerator/cryptPercent/cryptoPercent.py", line 106, in <module>
    main(symbol, start_date)
  File "/mnt/c/tmp/codeGenerator/cryptPercent/cryptoPercent.py", line 96, in main
    lowest_low, lowest_low_index, highest_high, highest_high_index = find_ll_hh(df)
                                                                     ^^^^^^^^^^^^^^
  File "/mnt/c/tmp/codeGenerator/cryptPercent/cryptoPercent.py", line 47, in find_ll_hh
    lowest_low_index = df.index[df['low'].iloc[i:i+4].idxmin()]
                       ~~~~~~~~^^^^^^^^^^^^^^^^^^^^^^^^^^^^^^^^
  File "/mnt/c/tmp/codeGenerator/myenv/lib/python3.11/site-packages/pandas/core/indexes/base.py", line 5416, in __getitem__
    result = getitem(key)
             ^^^^^^^^^^^^
  File "/mnt/c/tmp/codeGenerator/myenv/lib/python3.11/site-packages/pandas/core/arrays/datetimelike.py", line 381, in __getitem__
    result = cast("Union[Self, DTScalarOrNaT]", super().__getitem__(key))
                                                ^^^^^^^^^^^^^^^^^^^^^^^^
  File "/mnt/c/tmp/codeGenerator/myenv/lib/python3.11/site-packages/pandas/core/arrays/_mixins.py", line 293, in __getitem__
    result = self._ndarray[key]
             ~~~~~~~~~~~~~^^^^^
IndexError: only integers, slices (`:`), ellipsis (`...`), numpy.newaxis (`None`) and integer or boolean arrays are valid indices
2024-06-08 13:50:16,696 - INFO - Run wird durch Strg+C beendet.
2024-06-08 13:50:18,060 - INFO - Warten auf Verbindungen zum Ausführen von cryptPercent/cryptoPercent.py...
2024-06-08 13:50:20,838 - INFO - Verbunden mit ('127.0.0.1', 45406)
2024-06-08 13:50:20,838 - INFO - Befehl empfangen: execute:cryptPercent/cryptoPercent.py
Rufe Kerzen für SEIUSDT von 1 day ago UTC bis None ab
96 Kerzen abgerufen
Traceback (most recent call last):
  File "/mnt/c/tmp/codeGenerator/cryptPercent/cryptoPercent.py", line 106, in <module>
    main(symbol, start_date)
  File "/mnt/c/tmp/codeGenerator/cryptPercent/cryptoPercent.py", line 96, in main
    lowest_low, lowest_low_index, highest_high, highest_high_index = find_ll_hh(df)
                                                                     ^^^^^^^^^^^^^^
  File "/mnt/c/tmp/codeGenerator/cryptPercent/cryptoPercent.py", line 47, in find_ll_hh
    lowest_low_index = df.index[df['low'].iloc[i:i+4].idxmin()]
                       ~~~~~~~~^^^^^^^^^^^^^^^^^^^^^^^^^^^^^^^^
  File "/mnt/c/tmp/codeGenerator/myenv/lib/python3.11/site-packages/pandas/core/indexes/base.py", line 5416, in __getitem__
    result = getitem(key)
             ^^^^^^^^^^^^
  File "/mnt/c/tmp/codeGenerator/myenv/lib/python3.11/site-packages/pandas/core/arrays/datetimelike.py", line 381, in __getitem__
    result = cast("Union[Self, DTScalarOrNaT]", super().__getitem__(key))
                                                ^^^^^^^^^^^^^^^^^^^^^^^^
  File "/mnt/c/tmp/codeGenerator/myenv/lib/python3.11/site-packages/pandas/core/arrays/_mixins.py", line 293, in __getitem__
    result = self._ndarray[key]
             ~~~~~~~~~~~~~^^^^^
IndexError: only integers, slices (`:`), ellipsis (`...`), numpy.newaxis (`None`) and integer or boolean arrays are valid indices
2024-06-08 13:50:28,628 - INFO - Verbunden mit ('127.0.0.1', 55734)
2024-06-08 13:50:28,628 - INFO - Befehl empfangen: execute:cryptPercent/cryptoPercent.py
Rufe Kerzen für SEIUSDT von 1 day ago UTC bis None ab
96 Kerzen abgerufen
Traceback (most recent call last):
  File "/mnt/c/tmp/codeGenerator/cryptPercent/cryptoPercent.py", line 106, in <module>
    main(symbol, start_date)
  File "/mnt/c/tmp/codeGenerator/cryptPercent/cryptoPercent.py", line 96, in main
    lowest_low, lowest_low_index, highest_high, highest_high_index = find_ll_hh(df)
                                                                     ^^^^^^^^^^^^^^
  File "/mnt/c/tmp/codeGenerator/cryptPercent/cryptoPercent.py", line 47, in find_ll_hh
    lowest_low_index = df.index[df['low'].iloc[i:i+4].idxmin()]
                       ~~~~~~~~^^^^^^^^^^^^^^^^^^^^^^^^^^^^^^^^
  File "/mnt/c/tmp/codeGenerator/myenv/lib/python3.11/site-packages/pandas/core/indexes/base.py", line 5416, in __getitem__
    result = getitem(key)
             ^^^^^^^^^^^^
  File "/mnt/c/tmp/codeGenerator/myenv/lib/python3.11/site-packages/pandas/core/arrays/datetimelike.py", line 381, in __getitem__
    result = cast("Union[Self, DTScalarOrNaT]", super().__getitem__(key))
                                                ^^^^^^^^^^^^^^^^^^^^^^^^
  File "/mnt/c/tmp/codeGenerator/myenv/lib/python3.11/site-packages/pandas/core/arrays/_mixins.py", line 293, in __getitem__
    result = self._ndarray[key]
             ~~~~~~~~~~~~~^^^^^
IndexError: only integers, slices (`:`), ellipsis (`...`), numpy.newaxis (`None`) and integer or boolean arrays are valid indices
2024-06-08 13:51:16,817 - INFO - Verbunden mit ('127.0.0.1', 43082)
2024-06-08 13:51:16,817 - INFO - Befehl empfangen: execute:cryptPercent/cryptoPercent.py
Rufe Kerzen für SEIUSDT von 1 day ago UTC bis None ab
96 Kerzen abgerufen
Traceback (most recent call last):
  File "/mnt/c/tmp/codeGenerator/cryptPercent/cryptoPercent.py", line 106, in <module>
    main(symbol, start_date)
  File "/mnt/c/tmp/codeGenerator/cryptPercent/cryptoPercent.py", line 99, in main
    plot_candlestick_chart(df, lowest_low_index, highest_high_index)
  File "/mnt/c/tmp/codeGenerator/cryptPercent/cryptoPercent.py", line 71, in plot_candlestick_chart
    mpf.plot(df, type='candle', style=s, addplot=add_plot, title='Candlestick Chart with HH and LL', ylabel='Price')
  File "/mnt/c/tmp/codeGenerator/myenv/lib/python3.11/site-packages/mplfinance/plotting.py", line 808, in plot
    ax = _addplot_columns(panid,panels,ydata,apdict,xdates,config,colcount)
         ^^^^^^^^^^^^^^^^^^^^^^^^^^^^^^^^^^^^^^^^^^^^^^^^^^^^^^^^^^^^^^^^^^
  File "/mnt/c/tmp/codeGenerator/myenv/lib/python3.11/site-packages/mplfinance/plotting.py", line 1139, in _addplot_columns
    ax.scatter(xdates, ydata, s=size, marker=mark, color=color, alpha=alpha, edgecolors=edgecolors, linewidths=linewidths,label=label) 
    ^^^^^^^^^^^^^^^^^^^^^^^^^^^^^^^^^^^^^^^^^^^^^^^^^^^^^^^^^^^^^^^^^^^^^^^^^^^^^^^^^^^^^^^^^^^^^^^^^^^^^^^^^^^^^^^^^^^^^^^^^^^^^^^^^^
  File "/mnt/c/tmp/codeGenerator/myenv/lib/python3.11/site-packages/matplotlib/__init__.py", line 1473, in inner
    return func(
           ^^^^^
  File "/mnt/c/tmp/codeGenerator/myenv/lib/python3.11/site-packages/matplotlib/axes/_axes.py", line 4787, in scatter
    raise ValueError("x and y must be the same size")
ValueError: x and y must be the same size
2024-06-08 13:53:01,960 - INFO - Verbunden mit ('127.0.0.1', 48076)
2024-06-08 13:53:01,960 - INFO - Befehl empfangen: execute:cryptPercent/cryptoPercent.py
Starte Analyse für SEIUSDT von 1 day ago UTC bis None
Rufe Kerzen für SEIUSDT von 1 day ago UTC bis None ab
96 Kerzen abgerufen
Traceback (most recent call last):
  File "/mnt/c/tmp/codeGenerator/cryptPercent/cryptoPercent.py", line 107, in <module>
    main(symbol, start_date)
  File "/mnt/c/tmp/codeGenerator/cryptPercent/cryptoPercent.py", line 100, in main
    plot_candlestick_chart(df, lowest_low_index, highest_high_index)
  File "/mnt/c/tmp/codeGenerator/cryptPercent/cryptoPercent.py", line 71, in plot_candlestick_chart
    mpf.plot(df, type='candle', style=s, addplot=add_plot, title='Candlestick Chart with HH and LL', ylabel='Price')
  File "/mnt/c/tmp/codeGenerator/myenv/lib/python3.11/site-packages/mplfinance/plotting.py", line 808, in plot
    ax = _addplot_columns(panid,panels,ydata,apdict,xdates,config,colcount)
         ^^^^^^^^^^^^^^^^^^^^^^^^^^^^^^^^^^^^^^^^^^^^^^^^^^^^^^^^^^^^^^^^^^
  File "/mnt/c/tmp/codeGenerator/myenv/lib/python3.11/site-packages/mplfinance/plotting.py", line 1139, in _addplot_columns
    ax.scatter(xdates, ydata, s=size, marker=mark, color=color, alpha=alpha, edgecolors=edgecolors, linewidths=linewidths,label=label) 
    ^^^^^^^^^^^^^^^^^^^^^^^^^^^^^^^^^^^^^^^^^^^^^^^^^^^^^^^^^^^^^^^^^^^^^^^^^^^^^^^^^^^^^^^^^^^^^^^^^^^^^^^^^^^^^^^^^^^^^^^^^^^^^^^^^^
  File "/mnt/c/tmp/codeGenerator/myenv/lib/python3.11/site-packages/matplotlib/__init__.py", line 1473, in inner
    return func(
           ^^^^^
  File "/mnt/c/tmp/codeGenerator/myenv/lib/python3.11/site-packages/matplotlib/axes/_axes.py", line 4787, in scatter
    raise ValueError("x and y must be the same size")
ValueError: x and y must be the same size
2024-06-08 13:54:06,316 - INFO - Verbunden mit ('127.0.0.1', 52704)
2024-06-08 13:54:06,316 - INFO - Befehl empfangen: execute:cryptPercent/cryptoPercent.py
Starte Analyse für SEIUSDT von 1 day ago UTC bis None
Rufe Kerzen für SEIUSDT von 1 day ago UTC bis None ab
96 Kerzen abgerufen
Traceback (most recent call last):
  File "/mnt/c/tmp/codeGenerator/cryptPercent/cryptoPercent.py", line 107, in <module>
    main(symbol, start_date)
  File "/mnt/c/tmp/codeGenerator/cryptPercent/cryptoPercent.py", line 100, in main
    plot_candlestick_chart(df, lowest_low_index, highest_high_index)
  File "/mnt/c/tmp/codeGenerator/cryptPercent/cryptoPercent.py", line 71, in plot_candlestick_chart
    mpf.plot(df, type='candle', style=s, addplot=add_plot, title='Candlestick Chart with HH and LL', ylabel='Price')
  File "/mnt/c/tmp/codeGenerator/myenv/lib/python3.11/site-packages/mplfinance/plotting.py", line 808, in plot
    ax = _addplot_columns(panid,panels,ydata,apdict,xdates,config,colcount)
         ^^^^^^^^^^^^^^^^^^^^^^^^^^^^^^^^^^^^^^^^^^^^^^^^^^^^^^^^^^^^^^^^^^
  File "/mnt/c/tmp/codeGenerator/myenv/lib/python3.11/site-packages/mplfinance/plotting.py", line 1139, in _addplot_columns
    ax.scatter(xdates, ydata, s=size, marker=mark, color=color, alpha=alpha, edgecolors=edgecolors, linewidths=linewidths,label=label) 
    ^^^^^^^^^^^^^^^^^^^^^^^^^^^^^^^^^^^^^^^^^^^^^^^^^^^^^^^^^^^^^^^^^^^^^^^^^^^^^^^^^^^^^^^^^^^^^^^^^^^^^^^^^^^^^^^^^^^^^^^^^^^^^^^^^^
  File "/mnt/c/tmp/codeGenerator/myenv/lib/python3.11/site-packages/matplotlib/__init__.py", line 1473, in inner
    return func(
           ^^^^^
  File "/mnt/c/tmp/codeGenerator/myenv/lib/python3.11/site-packages/matplotlib/axes/_axes.py", line 4787, in scatter
    raise ValueError("x and y must be the same size")
ValueError: x and y must be the same size
2024-06-08 13:56:29,017 - INFO - Verbunden mit ('127.0.0.1', 45932)
2024-06-08 13:56:29,017 - INFO - Befehl empfangen: execute:cryptPercent/cryptoPercent.py
Starte Analyse für SEIUSDT von 1 day ago UTC bis None
Rufe Kerzen für SEIUSDT von 1 day ago UTC bis None ab
96 Kerzen abgerufen
Ergebnisse:
Lowest Low (LL): 0.4981 at index 2024-06-07 20:00:00
Highest High (HH): 0.5653 at index 2024-06-07 14:00:00
2024-06-08 14:36:14,164 - INFO - Verbunden mit ('127.0.0.1', 42862)
2024-06-08 14:36:14,164 - INFO - Befehl empfangen: execute:cryptPercent/cryptoPercent.py
Starte Analyse für SEIUSDT von 1 day ago UTC bis None
Rufe Kerzen für SEIUSDT von 1 day ago UTC bis None ab
96 Kerzen abgerufen
Ergebnisse:
Lowest Low (LL): 0.4981 at index 2024-06-07 20:00:00
Highest High (HH): 0.5653 at index 2024-06-07 14:00:00
Locator attempting to generate 5121 ticks ([-5.8284722222222225, ..., 100.83819444444444]), which exceeds Locator.MAXTICKS (1000).
Locator attempting to generate 5121 ticks ([-5.8284722222222225, ..., 100.83819444444444]), which exceeds Locator.MAXTICKS (1000).
Locator attempting to generate 5121 ticks ([-5.8284722222222225, ..., 100.83819444444444]), which exceeds Locator.MAXTICKS (1000).
Locator attempting to generate 5121 ticks ([-5.8284722222222225, ..., 100.83819444444444]), which exceeds Locator.MAXTICKS (1000).
Locator attempting to generate 5121 ticks ([-5.8284722222222225, ..., 100.83819444444444]), which exceeds Locator.MAXTICKS (1000).
Locator attempting to generate 5121 ticks ([-5.8284722222222225, ..., 100.83819444444444]), which exceeds Locator.MAXTICKS (1000).
2024-06-08 14:46:33,334 - INFO - Verbunden mit ('127.0.0.1', 34598)
2024-06-08 14:46:33,334 - INFO - Befehl empfangen: execute:cryptPercent/cryptoPercent.py
Starte Analyse für SEIUSDT von 1 day ago UTC bis None
Rufe Kerzen für SEIUSDT von 1 day ago UTC bis None ab
96 Kerzen abgerufen
Ergebnisse:
Lowest Low (LL): 0.4981 at index 2024-06-07 20:00:00
Highest High (HH): 0.5653 at index 2024-06-07 14:00:00
Locator attempting to generate 5121 ticks ([-5.8284722222222225, ..., 100.83819444444444]), which exceeds Locator.MAXTICKS (1000).
Locator attempting to generate 5121 ticks ([-5.8284722222222225, ..., 100.83819444444444]), which exceeds Locator.MAXTICKS (1000).
Locator attempting to generate 5121 ticks ([-5.8284722222222225, ..., 100.83819444444444]), which exceeds Locator.MAXTICKS (1000).
2024-06-08 14:48:04,301 - INFO - Verbunden mit ('127.0.0.1', 39742)
2024-06-08 14:48:04,302 - INFO - Befehl empfangen: execute:cryptPercent/cryptoPercent.py
Starte Analyse für SEIUSDT von 1 day ago UTC bis None
Rufe Kerzen für SEIUSDT von 1 day ago UTC bis None ab
96 Kerzen abgerufen
Ergebnisse:
Lowest Low (LL): 0.4981 at index 2024-06-07 20:00:00
Highest High (HH): 0.5653 at index 2024-06-07 14:00:00
Locator attempting to generate 2561 ticks ([-5.833333333333333, ..., 100.83333333333333]), which exceeds Locator.MAXTICKS (1000).
Locator attempting to generate 5121 ticks ([-5.8284722222222225, ..., 100.83819444444444]), which exceeds Locator.MAXTICKS (1000).
Locator attempting to generate 2561 ticks ([-5.833333333333333, ..., 100.83333333333333]), which exceeds Locator.MAXTICKS (1000).
Locator attempting to generate 5121 ticks ([-5.8284722222222225, ..., 100.83819444444444]), which exceeds Locator.MAXTICKS (1000).
Locator attempting to generate 2561 ticks ([-5.833333333333333, ..., 100.83333333333333]), which exceeds Locator.MAXTICKS (1000).
Locator attempting to generate 2561 ticks ([-5.833333333333333, ..., 100.83333333333333]), which exceeds Locator.MAXTICKS (1000).
Locator attempting to generate 5121 ticks ([-5.8284722222222225, ..., 100.83819444444444]), which exceeds Locator.MAXTICKS (1000).
Locator attempting to generate 2561 ticks ([-5.833333333333333, ..., 100.83333333333333]), which exceeds Locator.MAXTICKS (1000).
Locator attempting to generate 2561 ticks ([-5.833333333333333, ..., 100.83333333333333]), which exceeds Locator.MAXTICKS (1000).
2024-06-08 14:50:44,315 - INFO - Verbunden mit ('127.0.0.1', 47488)
2024-06-08 14:50:44,315 - INFO - Befehl empfangen: execute:cryptPercent/cryptoPercent.py
Starte Analyse für SEIUSDT von 1 day ago UTC bis None
Rufe Kerzen für SEIUSDT von 1 day ago UTC bis None ab
96 Kerzen abgerufen
Ergebnisse:
Lowest Low (LL): 0.4981 at index 2024-06-07 20:00:00
Highest High (HH): 0.5653 at index 2024-06-07 14:00:00
Locator attempting to generate 2561 ticks ([-5.833333333333333, ..., 100.83333333333333]), which exceeds Locator.MAXTICKS (1000).
Locator attempting to generate 5121 ticks ([-5.8284722222222225, ..., 100.83819444444444]), which exceeds Locator.MAXTICKS (1000).
Locator attempting to generate 2561 ticks ([-5.833333333333333, ..., 100.83333333333333]), which exceeds Locator.MAXTICKS (1000).
Locator attempting to generate 5121 ticks ([-5.8284722222222225, ..., 100.83819444444444]), which exceeds Locator.MAXTICKS (1000).
Locator attempting to generate 2561 ticks ([-5.833333333333333, ..., 100.83333333333333]), which exceeds Locator.MAXTICKS (1000).
Locator attempting to generate 2561 ticks ([-5.833333333333333, ..., 100.83333333333333]), which exceeds Locator.MAXTICKS (1000).
Locator attempting to generate 5121 ticks ([-5.8284722222222225, ..., 100.83819444444444]), which exceeds Locator.MAXTICKS (1000).
Locator attempting to generate 2561 ticks ([-5.833333333333333, ..., 100.83333333333333]), which exceeds Locator.MAXTICKS (1000).
Locator attempting to generate 2561 ticks ([-5.833333333333333, ..., 100.83333333333333]), which exceeds Locator.MAXTICKS (1000).
2024-06-08 14:50:59,399 - INFO - Verbunden mit ('127.0.0.1', 44144)
2024-06-08 14:50:59,399 - INFO - Befehl empfangen: execute:cryptPercent/cryptoPercent.py
Starte Analyse für SEIUSDT von 1 day ago UTC bis None
Rufe Kerzen für SEIUSDT von 1 day ago UTC bis None ab
96 Kerzen abgerufen
Ergebnisse:
Lowest Low (LL): 0.4981 at index 2024-06-07 20:00:00
Highest High (HH): 0.5653 at index 2024-06-07 14:00:00
Locator attempting to generate 1280 ticks ([-5.791666666666667, ..., 100.79166666666667]), which exceeds Locator.MAXTICKS (1000).
Locator attempting to generate 2561 ticks ([-5.833333333333333, ..., 100.83333333333333]), which exceeds Locator.MAXTICKS (1000).
Locator attempting to generate 1280 ticks ([-5.791666666666667, ..., 100.79166666666667]), which exceeds Locator.MAXTICKS (1000).
Locator attempting to generate 2561 ticks ([-5.833333333333333, ..., 100.83333333333333]), which exceeds Locator.MAXTICKS (1000).
Locator attempting to generate 1280 ticks ([-5.791666666666667, ..., 100.79166666666667]), which exceeds Locator.MAXTICKS (1000).
Locator attempting to generate 1280 ticks ([-5.791666666666667, ..., 100.79166666666667]), which exceeds Locator.MAXTICKS (1000).
Locator attempting to generate 2561 ticks ([-5.833333333333333, ..., 100.83333333333333]), which exceeds Locator.MAXTICKS (1000).
Locator attempting to generate 1280 ticks ([-5.791666666666667, ..., 100.79166666666667]), which exceeds Locator.MAXTICKS (1000).
Locator attempting to generate 1280 ticks ([-5.791666666666667, ..., 100.79166666666667]), which exceeds Locator.MAXTICKS (1000).
2024-06-08 14:52:27,744 - INFO - Verbunden mit ('127.0.0.1', 40194)
2024-06-08 14:52:27,744 - INFO - Befehl empfangen: execute:cryptPercent/cryptoPercent.py
Starte Analyse für SEIUSDT von 1 day ago UTC bis None
Rufe Kerzen für SEIUSDT von 1 day ago UTC bis None ab
96 Kerzen abgerufen
Ergebnisse:
Lowest Low (LL): 0.4981 at index 2024-06-07 20:00:00
Highest High (HH): 0.5653 at index 2024-06-07 14:00:00
Locator attempting to generate 1280 ticks ([-5.791666666666667, ..., 100.79166666666667]), which exceeds Locator.MAXTICKS (1000).
Locator attempting to generate 2560 ticks ([-5.807638888888889, ..., 100.81736111111111]), which exceeds Locator.MAXTICKS (1000).
Locator attempting to generate 1280 ticks ([-5.791666666666667, ..., 100.79166666666667]), which exceeds Locator.MAXTICKS (1000).
Locator attempting to generate 2560 ticks ([-5.807638888888889, ..., 100.81736111111111]), which exceeds Locator.MAXTICKS (1000).
Locator attempting to generate 1280 ticks ([-5.791666666666667, ..., 100.79166666666667]), which exceeds Locator.MAXTICKS (1000).
Locator attempting to generate 1280 ticks ([-5.791666666666667, ..., 100.79166666666667]), which exceeds Locator.MAXTICKS (1000).
Locator attempting to generate 2560 ticks ([-5.807638888888889, ..., 100.81736111111111]), which exceeds Locator.MAXTICKS (1000).
Locator attempting to generate 1280 ticks ([-5.791666666666667, ..., 100.79166666666667]), which exceeds Locator.MAXTICKS (1000).
Locator attempting to generate 1280 ticks ([-5.791666666666667, ..., 100.79166666666667]), which exceeds Locator.MAXTICKS (1000).
2024-06-08 14:54:56,784 - INFO - Verbunden mit ('127.0.0.1', 58008)
2024-06-08 14:54:56,784 - INFO - Befehl empfangen: execute:cryptPercent/cryptoPercent.py
Starte Analyse für SEIUSDT von 1 day ago UTC bis None
Rufe Kerzen für SEIUSDT von 1 day ago UTC bis None ab
96 Kerzen abgerufen
Ergebnisse:
Lowest Low (LL): 0.4981 at index 2024-06-07 20:00:00
Highest High (HH): 0.5653 at index 2024-06-07 14:00:00
Locator attempting to generate 1280 ticks ([-5.791666666666667, ..., 100.79166666666667]), which exceeds Locator.MAXTICKS (1000).
Locator attempting to generate 2560 ticks ([-5.807638888888889, ..., 100.81736111111111]), which exceeds Locator.MAXTICKS (1000).
Locator attempting to generate 1280 ticks ([-5.791666666666667, ..., 100.79166666666667]), which exceeds Locator.MAXTICKS (1000).
Locator attempting to generate 2560 ticks ([-5.807638888888889, ..., 100.81736111111111]), which exceeds Locator.MAXTICKS (1000).
Locator attempting to generate 1280 ticks ([-5.791666666666667, ..., 100.79166666666667]), which exceeds Locator.MAXTICKS (1000).
Locator attempting to generate 1280 ticks ([-5.791666666666667, ..., 100.79166666666667]), which exceeds Locator.MAXTICKS (1000).
Locator attempting to generate 2560 ticks ([-5.807638888888889, ..., 100.81736111111111]), which exceeds Locator.MAXTICKS (1000).
Locator attempting to generate 1280 ticks ([-5.791666666666667, ..., 100.79166666666667]), which exceeds Locator.MAXTICKS (1000).
Locator attempting to generate 1280 ticks ([-5.791666666666667, ..., 100.79166666666667]), which exceeds Locator.MAXTICKS (1000).
2024-06-08 14:55:10,585 - INFO - Verbunden mit ('127.0.0.1', 58018)
2024-06-08 14:55:10,585 - INFO - Befehl empfangen: execute:cryptPercent/cryptoPercent.py
Starte Analyse für SEIUSDT von 1 day ago UTC bis None
Rufe Kerzen für SEIUSDT von 1 day ago UTC bis None ab
96 Kerzen abgerufen
Ergebnisse:
Lowest Low (LL): 0.4981 at index 2024-06-07 20:00:00
Highest High (HH): 0.5653 at index 2024-06-07 14:00:00
Locator attempting to generate 1280 ticks ([-5.791666666666667, ..., 100.79166666666667]), which exceeds Locator.MAXTICKS (1000).
Locator attempting to generate 2560 ticks ([-5.807638888888889, ..., 100.81736111111111]), which exceeds Locator.MAXTICKS (1000).
Locator attempting to generate 1280 ticks ([-5.791666666666667, ..., 100.79166666666667]), which exceeds Locator.MAXTICKS (1000).
Locator attempting to generate 2560 ticks ([-5.807638888888889, ..., 100.81736111111111]), which exceeds Locator.MAXTICKS (1000).
Locator attempting to generate 1280 ticks ([-5.791666666666667, ..., 100.79166666666667]), which exceeds Locator.MAXTICKS (1000).
Locator attempting to generate 1280 ticks ([-5.791666666666667, ..., 100.79166666666667]), which exceeds Locator.MAXTICKS (1000).
Locator attempting to generate 2560 ticks ([-5.807638888888889, ..., 100.81736111111111]), which exceeds Locator.MAXTICKS (1000).
Locator attempting to generate 1280 ticks ([-5.791666666666667, ..., 100.79166666666667]), which exceeds Locator.MAXTICKS (1000).
Locator attempting to generate 1280 ticks ([-5.791666666666667, ..., 100.79166666666667]), which exceeds Locator.MAXTICKS (1000).
2024-06-08 14:57:59,568 - INFO - Verbunden mit ('127.0.0.1', 48812)
2024-06-08 14:57:59,568 - INFO - Befehl empfangen: execute:cryptPercent/cryptoPercent.py
Starte Analyse für SEIUSDT von 1 day ago UTC bis None
Rufe Kerzen für SEIUSDT von 1 day ago UTC bis None ab
96 Kerzen abgerufen
Ergebnisse:
Lowest Low (LL): 0.4981 at index 2024-06-07 20:00:00
Highest High (HH): 0.5653 at index 2024-06-07 14:00:00
Locator attempting to generate 1280 ticks ([-5.791666666666667, ..., 100.79166666666667]), which exceeds Locator.MAXTICKS (1000).
Locator attempting to generate 1280 ticks ([-5.791666666666667, ..., 100.79166666666667]), which exceeds Locator.MAXTICKS (1000).
Locator attempting to generate 1280 ticks ([-5.791666666666667, ..., 100.79166666666667]), which exceeds Locator.MAXTICKS (1000).
Traceback (most recent call last):
  File "/mnt/c/tmp/codeGenerator/cryptPercent/cryptoPercent.py", line 134, in <module>
    main(symbol, start_date)
  File "/mnt/c/tmp/codeGenerator/cryptPercent/cryptoPercent.py", line 127, in main
    plot_candlestick_chart(df)
  File "/mnt/c/tmp/codeGenerator/cryptPercent/cryptoPercent.py", line 86, in plot_candlestick_chart
    ax.xaxis.set_minor_locator(mdates.HourLocator(interval=major_interval / 2))
                               ^^^^^^^^^^^^^^^^^^^^^^^^^^^^^^^^^^^^^^^^^^^^^^^
  File "/mnt/c/tmp/codeGenerator/myenv/lib/python3.11/site-packages/matplotlib/dates.py", line 1594, in __init__
    rule = rrulewrapper(HOURLY, byhour=byhour, interval=interval,
           ^^^^^^^^^^^^^^^^^^^^^^^^^^^^^^^^^^^^^^^^^^^^^^^^^^^^^^
  File "/mnt/c/tmp/codeGenerator/myenv/lib/python3.11/site-packages/matplotlib/dates.py", line 956, in __init__
    self._update_rrule(**kwargs)
  File "/mnt/c/tmp/codeGenerator/myenv/lib/python3.11/site-packages/matplotlib/dates.py", line 993, in _update_rrule
    self._rrule = rrule(**self._construct)
                  ^^^^^^^^^^^^^^^^^^^^^^^^
  File "/mnt/c/tmp/codeGenerator/myenv/lib/python3.11/site-packages/dateutil/rrule.py", line 636, in __init__
    self._byhour = self.__construct_byset(start=dtstart.hour,
                   ^^^^^^^^^^^^^^^^^^^^^^^^^^^^^^^^^^^^^^^^^^
  File "/mnt/c/tmp/codeGenerator/myenv/lib/python3.11/site-packages/dateutil/rrule.py", line 1069, in __construct_byset
    i_gcd = gcd(self._interval, base)
            ^^^^^^^^^^^^^^^^^^^^^^^^^
TypeError: 'float' object cannot be interpreted as an integer
2024-06-08 14:59:45,006 - INFO - Verbunden mit ('127.0.0.1', 56212)
2024-06-08 14:59:45,006 - INFO - Befehl empfangen: execute:cryptPercent/cryptoPercent.py
Starte Analyse für SEIUSDT von 1 day ago UTC bis None
Rufe Kerzen für SEIUSDT von 1 day ago UTC bis None ab
96 Kerzen abgerufen
Ergebnisse:
Lowest Low (LL): 0.4981 at index 2024-06-07 20:00:00
Highest High (HH): 0.5653 at index 2024-06-07 14:00:00
Locator attempting to generate 1280 ticks ([-5.791666666666667, ..., 100.79166666666667]), which exceeds Locator.MAXTICKS (1000).
Locator attempting to generate 1280 ticks ([-5.791666666666667, ..., 100.79166666666667]), which exceeds Locator.MAXTICKS (1000).
Locator attempting to generate 1280 ticks ([-5.791666666666667, ..., 100.79166666666667]), which exceeds Locator.MAXTICKS (1000).
2024-06-08 22:30:19,429 - INFO - Run wird durch Strg+C beendet.
